11:01:01 **** Build of configuration Debug for project 7_seg ****
make all 
Building file: ../DIO_prog.c
Invoking: AVR Compiler
avr-gcc -Wall -g2 -gstabs -O0 -fpack-struct -fshort-enums -ffunction-sections -fdata-sections -std=gnu99 -funsigned-char -funsigned-bitfields -mmcu=atmega32 -DF_CPU=12000000UL -MMD -MP -MF"DIO_prog.d" -MT"DIO_prog.o" -c -o "DIO_prog.o" "../DIO_prog.c"
Finished building: ../DIO_prog.c
 
Building file: ../main.c
Invoking: AVR Compiler
avr-gcc -Wall -g2 -gstabs -O0 -fpack-struct -fshort-enums -ffunction-sections -fdata-sections -std=gnu99 -funsigned-char -funsigned-bitfields -mmcu=atmega32 -DF_CPU=12000000UL -MMD -MP -MF"main.d" -MT"main.o" -c -o "main.o" "../main.c"
In file included from ../main.c:18:
c:/imt_sdk_win_64/winavr/lib/gcc/../../avr/include/util/delay.h:90:3: warning: #warning "Compiler optimizations disabled; functions from <util/delay.h> won't work as designed"
../main.c:27: warning: return type of 'main' is not 'int'
../main.c: In function 'main':
../main.c:53: warning: implicit declaration of function 'seg_7'
Finished building: ../main.c
 
Building file: ../seg_7_prog.c
Invoking: AVR Compiler
avr-gcc -Wall -g2 -gstabs -O0 -fpack-struct -fshort-enums -ffunction-sections -fdata-sections -std=gnu99 -funsigned-char -funsigned-bitfields -mmcu=atmega32 -DF_CPU=12000000UL -MMD -MP -MF"seg_7_prog.d" -MT"seg_7_prog.o" -c -o "seg_7_prog.o" "../seg_7_prog.c"
In file included from ../seg_7_prog.c:11:
c:/imt_sdk_win_64/winavr/lib/gcc/../../avr/include/util/delay.h:90:3: warning: #warning "Compiler optimizations disabled; functions from <util/delay.h> won't work as designed"
Finished building: ../seg_7_prog.c
 
Building target: 7_seg.elf
Invoking: AVR C Linker
avr-gcc -Wl,-Map,7_seg.map -mmcu=atmega32 -o "7_seg.elf"  ./DIO_prog.o ./main.o ./seg_7_prog.o   
Finished building target: 7_seg.elf
 
Invoking: AVR Create Extended Listing
avr-objdump -h -S 7_seg.elf  >"7_seg.lss"
Finished building: 7_seg.lss
 
Create Flash image (ihex format)
avr-objcopy -R .eeprom -R .fuse -R .lock -R .signature -O ihex 7_seg.elf  "7_seg.hex"
Finished building: 7_seg.hex
 
Invoking: Print Size
avr-size --format=avr --mcu=atmega32 7_seg.elf
AVR Memory Usage
----------------
Device: atmega32

Program:    5608 bytes (17.1% Full)
(.text + .data + .bootloader)

Data:         18 bytes (0.9% Full)
(.data + .bss + .noinit)


Finished building: sizedummy
 

11:01:07 Build Finished (took 6s.734ms)

