16:58:51 **** Incremental Build of configuration Debug for project I2C_Slave_V1 ****
make all 
Building file: ../main.c
Invoking: AVR Compiler
avr-gcc -Wall -g2 -gstabs -O0 -fpack-struct -fshort-enums -ffunction-sections -fdata-sections -std=gnu99 -funsigned-char -funsigned-bitfields -mmcu=atmega32 -DF_CPU=8000000UL -MMD -MP -MF"main.d" -MT"main.o" -c -o "main.o" "../main.c"
../main.c:18: warning: return type of 'main' is not 'int'
Finished building: ../main.c
 
Building target: I2C_Slave_V1.elf
Invoking: AVR C Linker
avr-gcc -Wl,-Map,I2C_Slave_V1.map -mmcu=atmega32 -o "I2C_Slave_V1.elf"  ./I2C_slave.o ./main.o   
Finished building target: I2C_Slave_V1.elf
 
Invoking: AVR Create Extended Listing
avr-objdump -h -S I2C_Slave_V1.elf  >"I2C_Slave_V1.lss"
Finished building: I2C_Slave_V1.lss
 
Create Flash image (ihex format)
avr-objcopy -R .eeprom -R .fuse -R .lock -R .signature -O ihex I2C_Slave_V1.elf  "I2C_Slave_V1.hex"
Finished building: I2C_Slave_V1.hex
 
Invoking: Print Size
avr-size --format=avr --mcu=atmega32 I2C_Slave_V1.elf
AVR Memory Usage
----------------
Device: atmega32

Program:     328 bytes (1.0% Full)
(.text + .data + .bootloader)

Data:          0 bytes (0.0% Full)
(.data + .bss + .noinit)


Finished building: sizedummy
 

16:58:53 Build Finished (took 1s.777ms)

