15:05:03 **** Incremental Build of configuration Debug for project Robot_v1 ****
make all 
Building file: ../Program.c
Invoking: AVR Compiler
avr-gcc -Wall -g2 -gstabs -O0 -fpack-struct -fshort-enums -ffunction-sections -fdata-sections -std=gnu99 -funsigned-char -funsigned-bitfields -mmcu=atmega32 -DF_CPU=8000000UL -MMD -MP -MF"Program.d" -MT"Program.o" -c -o "Program.o" "../Program.c"
Finished building: ../Program.c
 
Building target: Robot_v1.elf
Invoking: AVR C Linker
avr-gcc -Wl,-Map,Robot_v1.map -mmcu=atmega32 -o "Robot_v1.elf"  ./DIO_prog.o ./EXT_INT.o ./EXT_INT_ISR.o ./Program.o ./Timer0_PWM_Prog.o ./Timer2_PWM_Prog.o ./app.o   
Finished building target: Robot_v1.elf
 
Invoking: AVR Create Extended Listing
avr-objdump -h -S Robot_v1.elf  >"Robot_v1.lss"
Finished building: Robot_v1.lss
 
Create Flash image (ihex format)
avr-objcopy -R .eeprom -R .fuse -R .lock -R .signature -O ihex Robot_v1.elf  "Robot_v1.hex"
Finished building: Robot_v1.hex
 
Invoking: Print Size
avr-size --format=avr --mcu=atmega32 Robot_v1.elf
AVR Memory Usage
----------------
Device: atmega32

Program:    2442 bytes (7.5% Full)
(.text + .data + .bootloader)

Data:          0 bytes (0.0% Full)
(.data + .bss + .noinit)


Finished building: sizedummy
 

15:05:04 Build Finished (took 953ms)

