13:26:24 **** Incremental Build of configuration Debug for project SPI_Slave_V2 ****
make all 
Building file: ../SPI_Slave_Prog.c
Invoking: AVR Compiler
avr-gcc -Wall -g2 -gstabs -O0 -fpack-struct -fshort-enums -ffunction-sections -fdata-sections -std=gnu99 -funsigned-char -funsigned-bitfields -mmcu=atmega32 -DF_CPU=8000000UL -MMD -MP -MF"SPI_Slave_Prog.d" -MT"SPI_Slave_Prog.o" -c -o "SPI_Slave_Prog.o" "../SPI_Slave_Prog.c"
Finished building: ../SPI_Slave_Prog.c
 
Building file: ../main.c
Invoking: AVR Compiler
avr-gcc -Wall -g2 -gstabs -O0 -fpack-struct -fshort-enums -ffunction-sections -fdata-sections -std=gnu99 -funsigned-char -funsigned-bitfields -mmcu=atmega32 -DF_CPU=8000000UL -MMD -MP -MF"main.d" -MT"main.o" -c -o "main.o" "../main.c"
In file included from ../main.c:11:
c:/imt_sdk_win_64/winavr/lib/gcc/../../avr/include/util/delay.h:90:3: warning: #warning "Compiler optimizations disabled; functions from <util/delay.h> won't work as designed"
../main.c:21: warning: return type of 'main' is not 'int'
Finished building: ../main.c
 
Building target: SPI_Slave_V2.elf
Invoking: AVR C Linker
avr-gcc -Wl,-Map,SPI_Slave_V2.map -mmcu=atmega32 -o "SPI_Slave_V2.elf"  ./DIO_prog.o ./SPI_Slave_Prog.o ./main.o   
Finished building target: SPI_Slave_V2.elf
 
Invoking: AVR Create Extended Listing
avr-objdump -h -S SPI_Slave_V2.elf  >"SPI_Slave_V2.lss"
Finished building: SPI_Slave_V2.lss
 
Create Flash image (ihex format)
avr-objcopy -R .eeprom -R .fuse -R .lock -R .signature -O ihex SPI_Slave_V2.elf  "SPI_Slave_V2.hex"
Finished building: SPI_Slave_V2.hex
 
Invoking: Print Size
avr-size --format=avr --mcu=atmega32 SPI_Slave_V2.elf
AVR Memory Usage
----------------
Device: atmega32

Program:    1930 bytes (5.9% Full)
(.text + .data + .bootloader)

Data:          1 bytes (0.0% Full)
(.data + .bss + .noinit)


Finished building: sizedummy
 

13:26:27 Build Finished (took 2s.573ms)

