13:11:02 **** Incremental Build of configuration Debug for project SPI_Master_V2 ****
make all 
Building file: ../SPI_Master_Prog.c
Invoking: AVR Compiler
avr-gcc -Wall -g2 -gstabs -O0 -fpack-struct -fshort-enums -ffunction-sections -fdata-sections -std=gnu99 -funsigned-char -funsigned-bitfields -mmcu=atmega32 -DF_CPU=8000000UL -MMD -MP -MF"SPI_Master_Prog.d" -MT"SPI_Master_Prog.o" -c -o "SPI_Master_Prog.o" "../SPI_Master_Prog.c"
Finished building: ../SPI_Master_Prog.c
 
Building target: SPI_Master_V2.elf
Invoking: AVR C Linker
avr-gcc -Wl,-Map,SPI_Master_V2.map -mmcu=atmega32 -o "SPI_Master_V2.elf"  ./DIO_prog.o ./SPI_Master_Prog.o ./main.o   
Finished building target: SPI_Master_V2.elf
 
Invoking: AVR Create Extended Listing
avr-objdump -h -S SPI_Master_V2.elf  >"SPI_Master_V2.lss"
Finished building: SPI_Master_V2.lss
 
Create Flash image (ihex format)
avr-objcopy -R .eeprom -R .fuse -R .lock -R .signature -O ihex SPI_Master_V2.elf  "SPI_Master_V2.hex"
Finished building: SPI_Master_V2.hex
 
Invoking: Print Size
avr-size --format=avr --mcu=atmega32 SPI_Master_V2.elf
AVR Memory Usage
----------------
Device: atmega32

Program:    5244 bytes (16.0% Full)
(.text + .data + .bootloader)

Data:          9 bytes (0.4% Full)
(.data + .bss + .noinit)


Finished building: sizedummy
 

13:11:05 Build Finished (took 2s.290ms)

