21:15:34 **** Incremental Build of configuration Debug for project TEMP_SENSOR ****
make all 
Building file: ../main.c
Invoking: AVR Compiler
avr-gcc -Wall -g2 -gstabs -O0 -fpack-struct -fshort-enums -ffunction-sections -fdata-sections -std=gnu99 -funsigned-char -funsigned-bitfields -mmcu=atmega32 -DF_CPU=12000000UL -MMD -MP -MF"main.d" -MT"main.o" -c -o "main.o" "../main.c"
In file included from ../main.c:10:
c:/imt_sdk_win_64/winavr/lib/gcc/../../avr/include/util/delay.h:90:3: warning: #warning "Compiler optimizations disabled; functions from <util/delay.h> won't work as designed"
../main.c:15: warning: return type of 'main' is not 'int'
Finished building: ../main.c
 
Building target: TEMP_SENSOR.elf
Invoking: AVR C Linker
avr-gcc -Wl,-Map,TEMP_SENSOR.map -mmcu=atmega32 -o "TEMP_SENSOR.elf"  ./ADC_Program.o ./DIO_prog.o ./LCD_Prog.o ./main.o   
Finished building target: TEMP_SENSOR.elf
 
Invoking: AVR Create Extended Listing
avr-objdump -h -S TEMP_SENSOR.elf  >"TEMP_SENSOR.lss"
Finished building: TEMP_SENSOR.lss
 
Create Flash image (ihex format)
avr-objcopy -R .eeprom -R .fuse -R .lock -R .signature -O ihex TEMP_SENSOR.elf  "TEMP_SENSOR.hex"
Finished building: TEMP_SENSOR.hex
 
Invoking: Print Size
avr-size --format=avr --mcu=atmega32 TEMP_SENSOR.elf
AVR Memory Usage
----------------
Device: atmega32

Program:    8512 bytes (26.0% Full)
(.text + .data + .bootloader)

Data:         26 bytes (1.3% Full)
(.data + .bss + .noinit)


Finished building: sizedummy
 

21:15:35 Build Finished (took 885ms)

