20:48:46 **** Incremental Build of configuration Debug for project UART_V2 ****
make all 
Building file: ../main.c
Invoking: AVR Compiler
avr-gcc -Wall -g2 -gstabs -O0 -fpack-struct -fshort-enums -ffunction-sections -fdata-sections -std=gnu99 -funsigned-char -funsigned-bitfields -mmcu=atmega32 -DF_CPU=1000000UL -MMD -MP -MF"main.d" -MT"main.o" -c -o "main.o" "../main.c"
In file included from ../main.c:10:
c:/imt_sdk_win_64/winavr/lib/gcc/../../avr/include/util/delay.h:90:3: warning: #warning "Compiler optimizations disabled; functions from <util/delay.h> won't work as designed"
../main.c:16: warning: return type of 'main' is not 'int'
Finished building: ../main.c
 
Building target: UART_V2.elf
Invoking: AVR C Linker
avr-gcc -Wl,-Map,UART_V2.map -mmcu=atmega32 -o "UART_V2.elf"  ./DIO_prog.o ./UART_prog.o ./main.o   
Finished building target: UART_V2.elf
 
Invoking: AVR Create Extended Listing
avr-objdump -h -S UART_V2.elf  >"UART_V2.lss"
Finished building: UART_V2.lss
 
Create Flash image (ihex format)
avr-objcopy -R .eeprom -R .fuse -R .lock -R .signature -O ihex UART_V2.elf  "UART_V2.hex"
Finished building: UART_V2.hex
 
Invoking: Print Size
avr-size --format=avr --mcu=atmega32 UART_V2.elf
AVR Memory Usage
----------------
Device: atmega32

Program:    5204 bytes (15.9% Full)
(.text + .data + .bootloader)

Data:          8 bytes (0.4% Full)
(.data + .bss + .noinit)


Finished building: sizedummy
 

20:48:47 Build Finished (took 765ms)

